2020/09/20 00:03:07 [] [] [main]  [org.springframework.boot.test.context.SpringBootTestContextBootstrapper]-[INFO] Neither @ContextConfiguration nor @ContextHierarchy found for test class [com.fank243.cloud.service.user.service.SysUserServiceTest], using SpringBootContextLoader
2020/09/20 00:03:07 [] [] [main]  [org.springframework.test.context.support.AbstractContextLoader]-[INFO] Could not detect default resource locations for test class [com.fank243.cloud.service.user.service.SysUserServiceTest]: no resource found for suffixes {-context.xml, Context.groovy}.
2020/09/20 00:03:08 [] [] [main]  [org.springframework.boot.test.context.SpringBootTestContextBootstrapper]-[INFO] Loaded default TestExecutionListener class names from location [META-INF/spring.factories]: [org.springframework.boot.test.mock.mockito.MockitoTestExecutionListener, org.springframework.boot.test.mock.mockito.ResetMocksTestExecutionListener, org.springframework.boot.test.autoconfigure.restdocs.RestDocsTestExecutionListener, org.springframework.boot.test.autoconfigure.web.client.MockRestServiceServerResetTestExecutionListener, org.springframework.boot.test.autoconfigure.web.servlet.MockMvcPrintOnlyOnFailureTestExecutionListener, org.springframework.boot.test.autoconfigure.web.servlet.WebDriverTestExecutionListener, org.springframework.boot.test.autoconfigure.webservices.client.MockWebServiceServerTestExecutionListener, org.springframework.test.context.web.ServletTestExecutionListener, org.springframework.test.context.support.DirtiesContextBeforeModesTestExecutionListener, org.springframework.test.context.support.DependencyInjectionTestExecutionListener, org.springframework.test.context.support.DirtiesContextTestExecutionListener, org.springframework.test.context.transaction.TransactionalTestExecutionListener, org.springframework.test.context.jdbc.SqlScriptsTestExecutionListener, org.springframework.test.context.event.EventPublishingTestExecutionListener]
2020/09/20 00:03:08 [] [] [main]  [org.springframework.boot.test.context.SpringBootTestContextBootstrapper]-[INFO] Using TestExecutionListeners: [org.springframework.test.context.web.ServletTestExecutionListener@5652f555, org.springframework.test.context.support.DirtiesContextBeforeModesTestExecutionListener@4fe01805, org.springframework.boot.test.mock.mockito.MockitoTestExecutionListener@55120f99, org.springframework.boot.test.autoconfigure.SpringBootDependencyInjectionTestExecutionListener@794b435f, org.springframework.test.context.support.DirtiesContextTestExecutionListener@38f2e97e, org.springframework.test.context.transaction.TransactionalTestExecutionListener@779dfe55, org.springframework.test.context.jdbc.SqlScriptsTestExecutionListener@323659f8, org.springframework.test.context.event.EventPublishingTestExecutionListener@1144a55a, org.springframework.boot.test.mock.mockito.ResetMocksTestExecutionListener@3e521715, org.springframework.boot.test.autoconfigure.restdocs.RestDocsTestExecutionListener@26a529dc, org.springframework.boot.test.autoconfigure.web.client.MockRestServiceServerResetTestExecutionListener@265c5d69, org.springframework.boot.test.autoconfigure.web.servlet.MockMvcPrintOnlyOnFailureTestExecutionListener@1286528d, org.springframework.boot.test.autoconfigure.web.servlet.WebDriverTestExecutionListener@3cc20577, org.springframework.boot.test.autoconfigure.webservices.client.MockWebServiceServerTestExecutionListener@33a630fa]
2020/09/20 00:03:10 [] [] [main]  [org.springframework.context.support.PostProcessorRegistrationDelegate$BeanPostProcessorChecker]-[INFO] Bean 'org.springframework.cloud.autoconfigure.ConfigurationPropertiesRebinderAutoConfiguration' of type [org.springframework.cloud.autoconfigure.ConfigurationPropertiesRebinderAutoConfiguration] is not eligible for getting processed by all BeanPostProcessors (for example: not eligible for auto-proxying)
2020/09/20 00:03:11 [] [] [main]  [com.alibaba.nacos.client.config.impl.LocalConfigInfoProcessor]-[INFO] LOCAL_SNAPSHOT_PATH:/home/jason/nacos/config
2020/09/20 00:03:11 [] [] [main]  [com.alibaba.nacos.client.config.impl.Limiter]-[INFO] limitTime:5.0
2020/09/20 00:03:11 [] [] [main]  [com.alibaba.nacos.client.config.utils.JVMUtil]-[INFO] isMultiInstance:false
2020/09/20 00:03:11 [] [] [main]  [com.alibaba.cloud.nacos.client.NacosPropertySourceBuilder]-[DEBUG] Loading nacos data, dataId: 'cloud-common-nacos-discovery-metadata.yml', group: 'DEFAULT_GROUP', data: spring:
  cloud:
    nacos:
      discovery:
        metadata:
          preserved:
            heart:
              beat:
                timeout: 15
                interval: 20
2020/09/20 00:03:11 [] [] [main]  [com.alibaba.cloud.nacos.client.NacosPropertySourceBuilder]-[DEBUG] Loading nacos data, dataId: 'cloud-common-jpa.yml', group: 'DEFAULT_GROUP', data: spring:
  jpa:
    open-in-view: false
    database: mysql
    show-sql: true  # 控制台打印SQL
    hibernate:
      ddl-auto: update # DDL 策略,根据@Entity新增表或新增表结构
    database-platform: org.hibernate.dialect.MySQL5InnoDBDialect
2020/09/20 00:03:11 [] [] [main]  [com.alibaba.cloud.nacos.client.NacosPropertySourceBuilder]-[WARN] Ignore the empty nacos configuration and get it based on dataId[cloud-common-jetcache.yml] & group[DEFAULT_GROUP]
2020/09/20 00:03:11 [] [] [main]  [com.alibaba.cloud.nacos.client.NacosPropertySourceBuilder]-[WARN] Ignore the empty nacos configuration and get it based on dataId[cloud-service-user] & group[DEFAULT_GROUP]
2020/09/20 00:03:11 [] [] [main]  [com.alibaba.cloud.nacos.client.NacosPropertySourceBuilder]-[DEBUG] Loading nacos data, dataId: 'cloud-service-user.yml', group: 'DEFAULT_GROUP', data: spring:
  redis:
    database: 0
    host: 192.168.31.120
    port: 8379
    password: jboot
    timeout: 6000  # 连接超时时长（毫秒）
  datasource:
    druid:
      driver-class-name: com.mysql.cj.jdbc.Driver
      url: jdbc:mysql://192.168.31.120:3306/cloud-service-user?characterEncoding=utf8&serverTimezone=Hongkong&tinyInt1isBit=false&zeroDateTimeBehavior=convertToNull
      username: root
      password: root
2020/09/20 00:03:11 [] [] [main]  [com.alibaba.cloud.nacos.client.NacosPropertySourceBuilder]-[WARN] Ignore the empty nacos configuration and get it based on dataId[cloud-service-user-home.yml] & group[DEFAULT_GROUP]
2020/09/20 00:03:11 [] [] [main]  [org.springframework.cloud.bootstrap.config.PropertySourceBootstrapConfiguration]-[INFO] Located property source: CompositePropertySource {name='NACOS', propertySources=[NacosPropertySource@1482714257 {name='cloud-service-user-home.yml,DEFAULT_GROUP', properties={}}, NacosPropertySource@1788662008 {name='cloud-service-user.yml,DEFAULT_GROUP', properties={spring.redis.database=0, spring.redis.host=192.168.31.120, spring.redis.port=8379, spring.redis.password=jboot, spring.redis.timeout=6000, spring.datasource.druid.driver-class-name=com.mysql.cj.jdbc.Driver, spring.datasource.druid.url=jdbc:mysql://192.168.31.120:3306/cloud-service-user?characterEncoding=utf8&serverTimezone=Hongkong&tinyInt1isBit=false&zeroDateTimeBehavior=convertToNull, spring.datasource.druid.username=root, spring.datasource.druid.password=root}}, NacosPropertySource@1269749378 {name='cloud-service-user,DEFAULT_GROUP', properties={}}, NacosPropertySource@2078470810 {name='cloud-common-jetcache.yml,DEFAULT_GROUP', properties={}}, NacosPropertySource@540876179 {name='cloud-common-jpa.yml,DEFAULT_GROUP', properties={spring.jpa.open-in-view=false, spring.jpa.database=mysql, spring.jpa.show-sql=true, spring.jpa.hibernate.ddl-auto=update, spring.jpa.database-platform=org.hibernate.dialect.MySQL5InnoDBDialect}}, NacosPropertySource@740950652 {name='cloud-common-nacos-discovery-metadata.yml,DEFAULT_GROUP', properties={spring.cloud.nacos.discovery.metadata.preserved.heart.beat.timeout=15, spring.cloud.nacos.discovery.metadata.preserved.heart.beat.interval=20}}]}
2020/09/20 00:03:11 [] [] [main]  [com.fank243.cloud.service.user.service.SysUserServiceTest]-[INFO] The following profiles are active: home
2020/09/20 00:03:14 [] [] [main]  [org.springframework.data.repository.config.RepositoryConfigurationDelegate]-[INFO] Multiple Spring Data modules found, entering strict repository configuration mode!
2020/09/20 00:03:14 [] [] [main]  [org.springframework.data.repository.config.RepositoryConfigurationDelegate]-[INFO] Bootstrapping Spring Data JPA repositories in DEFERRED mode.
2020/09/20 00:03:14 [] [] [main]  [org.springframework.data.repository.config.RepositoryConfigurationDelegate]-[INFO] Finished Spring Data repository scanning in 354ms. Found 1 JPA repository interfaces.
2020/09/20 00:03:14 [] [] [main]  [org.springframework.data.repository.config.RepositoryConfigurationDelegate]-[INFO] Multiple Spring Data modules found, entering strict repository configuration mode!
2020/09/20 00:03:14 [] [] [main]  [org.springframework.data.repository.config.RepositoryConfigurationDelegate]-[INFO] Bootstrapping Spring Data Redis repositories in DEFAULT mode.
2020/09/20 00:03:14 [] [] [main]  [org.springframework.data.repository.config.RepositoryConfigurationExtensionSupport]-[INFO] Spring Data Redis - Could not safely identify store assignment for repository candidate interface com.fank243.cloud.service.user.repository.SysUserRepository. If you want this repository to be a Redis repository, consider annotating your entities with one of these annotations: org.springframework.data.redis.core.RedisHash (preferred), or consider extending one of the following types with your repository: org.springframework.data.keyvalue.repository.KeyValueRepository.
2020/09/20 00:03:14 [] [] [main]  [org.springframework.data.repository.config.RepositoryConfigurationDelegate]-[INFO] Finished Spring Data repository scanning in 30ms. Found 0 Redis repository interfaces.
2020/09/20 00:03:15 [] [] [main]  [org.springframework.cloud.context.scope.GenericScope]-[INFO] BeanFactory id=a336506b-d867-377d-b5f9-da44aeb6d679
2020/09/20 00:03:16 [] [] [main]  [org.springframework.context.support.PostProcessorRegistrationDelegate$BeanPostProcessorChecker]-[INFO] Bean 'com.alicp.jetcache.anno.config.JetCacheProxyConfiguration' of type [com.alicp.jetcache.anno.config.JetCacheProxyConfiguration$$EnhancerBySpringCGLIB$$95910e8] is not eligible for getting processed by all BeanPostProcessors (for example: not eligible for auto-proxying)
2020/09/20 00:03:16 [] [] [main]  [org.springframework.context.support.PostProcessorRegistrationDelegate$BeanPostProcessorChecker]-[INFO] Bean 'com.alicp.jetcache.anno.config.CommonConfiguration' of type [com.alicp.jetcache.anno.config.CommonConfiguration$$EnhancerBySpringCGLIB$$885f5660] is not eligible for getting processed by all BeanPostProcessors (for example: not eligible for auto-proxying)
2020/09/20 00:03:16 [] [] [main]  [org.springframework.context.support.PostProcessorRegistrationDelegate$BeanPostProcessorChecker]-[INFO] Bean 'redisConfig' of type [com.fank243.cloud.component.common.config.RedisConfig$$EnhancerBySpringCGLIB$$36ba9e9e] is not eligible for getting processed by all BeanPostProcessors (for example: not eligible for auto-proxying)
2020/09/20 00:03:16 [] [] [main]  [org.springframework.context.support.PostProcessorRegistrationDelegate$BeanPostProcessorChecker]-[INFO] Bean 'org.springframework.cloud.autoconfigure.ConfigurationPropertiesRebinderAutoConfiguration' of type [org.springframework.cloud.autoconfigure.ConfigurationPropertiesRebinderAutoConfiguration] is not eligible for getting processed by all BeanPostProcessors (for example: not eligible for auto-proxying)
2020/09/20 00:03:16 [] [] [main]  [com.alibaba.druid.spring.boot.autoconfigure.DruidDataSourceAutoConfigure]-[INFO] Init DruidDataSource
2020/09/20 00:03:16 [] [] [main]  [com.alibaba.druid.pool.DruidDataSource]-[INFO] {dataSource-1} inited
2020/09/20 00:03:17 [] [] [main]  [reactor.util.Loggers$LoggerFactory]-[DEBUG] Using Slf4j logging framework
2020/09/20 00:03:17 [] [] [main]  [org.jboss.logging]-[DEBUG] Logging Provider: org.jboss.logging.Log4j2LoggerProvider
2020/09/20 00:03:17 [] [] [main]  [org.springframework.scheduling.concurrent.ThreadPoolTaskExecutor]-[INFO] Initializing ExecutorService 'applicationTaskExecutor'
2020/09/20 00:03:18 [] [] [task-1]  [org.hibernate.jpa.internal.util.LogHelper]-[INFO] HHH000204: Processing PersistenceUnitInfo [name: default]
2020/09/20 00:03:18 [] [] [task-1]  [org.hibernate.Version]-[INFO] HHH000412: Hibernate ORM core version 5.4.20.Final
2020/09/20 00:03:18 [] [] [task-1]  [org.hibernate.annotations.common.Version]-[INFO] HCANN000001: Hibernate Commons Annotations {5.1.0.Final}
2020/09/20 00:03:20 [] [] [task-1]  [org.hibernate.dialect.Dialect]-[INFO] HHH000400: Using dialect: org.hibernate.dialect.MySQL5InnoDBDialect
2020/09/20 00:03:22 [] [] [task-1]  [org.hibernate.engine.transaction.jta.platform.internal.JtaPlatformInitiator]-[INFO] HHH000490: Using JtaPlatform implementation: [org.hibernate.engine.transaction.jta.platform.internal.NoJtaPlatform]
2020/09/20 00:03:22 [] [] [task-1]  [org.springframework.orm.jpa.LocalContainerEntityManagerFactoryBean]-[INFO] Initialized JPA EntityManagerFactory for persistence unit 'default'
2020/09/20 00:03:23 [] [] [main]  [com.netflix.config.sources.URLConfigurationSource]-[WARN] No URLs will be polled as dynamic configuration sources.
2020/09/20 00:03:23 [] [] [main]  [com.netflix.config.sources.URLConfigurationSource]-[INFO] To enable URLs as dynamic configuration sources, define System property archaius.configurationSource.additionalUrls or make config.properties available on classpath.
2020/09/20 00:03:23 [] [] [main]  [com.netflix.config.sources.URLConfigurationSource]-[WARN] No URLs will be polled as dynamic configuration sources.
2020/09/20 00:03:23 [] [] [main]  [com.netflix.config.sources.URLConfigurationSource]-[INFO] To enable URLs as dynamic configuration sources, define System property archaius.configurationSource.additionalUrls or make config.properties available on classpath.
2020/09/20 00:03:25 [] [] [main]  [org.springframework.scheduling.concurrent.ThreadPoolTaskScheduler]-[INFO] Initializing ExecutorService 'Nacso-Watch-Task-Scheduler'
2020/09/20 00:03:25 [] [] [main]  [com.alibaba.nacos.client.naming]-[INFO] initializer namespace from System Property :null
2020/09/20 00:03:25 [] [] [main]  [com.alibaba.nacos.client.naming]-[INFO] initializer namespace from System Environment :null
2020/09/20 00:03:25 [] [] [main]  [com.alibaba.nacos.client.naming]-[INFO] initializer namespace from System Property :null
2020/09/20 00:03:26 [] [] [main]  [org.springframework.data.repository.config.DeferredRepositoryInitializationListener]-[INFO] Triggering deferred initialization of Spring Data repositories…
2020/09/20 00:03:27 [] [] [main]  [org.springframework.data.repository.config.DeferredRepositoryInitializationListener]-[INFO] Spring Data repositories initialized!
2020/09/20 00:03:27 [] [] [main]  [com.fank243.cloud.service.user.service.SysUserServiceTest]-[INFO] Started SysUserServiceTest in 18.814 seconds (JVM running for 26.007)
2020/09/20 00:03:27 [] [] [main]  [com.alibaba.nacos.client.config.impl.ClientWorker]-[INFO] [fixed-192.168.31.120_8848-59d2b4bc-392a-4f1b-adb0-bbc862cd5eab] [subscribe] cloud-service-user+DEFAULT_GROUP+59d2b4bc-392a-4f1b-adb0-bbc862cd5eab
2020/09/20 00:03:27 [] [] [main]  [com.alibaba.nacos.client.config.impl.CacheData]-[INFO] [fixed-192.168.31.120_8848-59d2b4bc-392a-4f1b-adb0-bbc862cd5eab] [add-listener] ok, tenant=59d2b4bc-392a-4f1b-adb0-bbc862cd5eab, dataId=cloud-service-user, group=DEFAULT_GROUP, cnt=1
2020/09/20 00:03:27 [] [] [main]  [com.alibaba.nacos.client.config.impl.ClientWorker]-[INFO] [fixed-192.168.31.120_8848-59d2b4bc-392a-4f1b-adb0-bbc862cd5eab] [subscribe] cloud-service-user-home.yml+DEFAULT_GROUP+59d2b4bc-392a-4f1b-adb0-bbc862cd5eab
2020/09/20 00:03:27 [] [] [main]  [com.alibaba.nacos.client.config.impl.CacheData]-[INFO] [fixed-192.168.31.120_8848-59d2b4bc-392a-4f1b-adb0-bbc862cd5eab] [add-listener] ok, tenant=59d2b4bc-392a-4f1b-adb0-bbc862cd5eab, dataId=cloud-service-user-home.yml, group=DEFAULT_GROUP, cnt=1
2020/09/20 00:03:27 [] [] [main]  [com.alibaba.nacos.client.config.impl.ClientWorker]-[INFO] [fixed-192.168.31.120_8848-59d2b4bc-392a-4f1b-adb0-bbc862cd5eab] [subscribe] cloud-service-user.yml+DEFAULT_GROUP+59d2b4bc-392a-4f1b-adb0-bbc862cd5eab
2020/09/20 00:03:27 [] [] [main]  [com.alibaba.nacos.client.config.impl.CacheData]-[INFO] [fixed-192.168.31.120_8848-59d2b4bc-392a-4f1b-adb0-bbc862cd5eab] [add-listener] ok, tenant=59d2b4bc-392a-4f1b-adb0-bbc862cd5eab, dataId=cloud-service-user.yml, group=DEFAULT_GROUP, cnt=1
2020/09/20 00:03:27 [] [] [com.alibaba.nacos.client.Worker.longPolling.fixed-192.168.31.120_8848-59d2b4bc-392a-4f1b-adb0-bbc862cd5eab]  [com.alibaba.nacos.client.config.impl.ClientWorker]-[INFO] get changedGroupKeys:[]
2020/09/20 00:03:27 [] [] [com.alibaba.nacos.client.Worker.longPolling.fixed-192.168.31.120_8848-59d2b4bc-392a-4f1b-adb0-bbc862cd5eab]  [com.alibaba.nacos.client.config.impl.ClientWorker]-[INFO] get changedGroupKeys:[]
2020/09/20 00:03:28 [] [] [SpringContextShutdownHook]  [org.springframework.scheduling.concurrent.ThreadPoolTaskScheduler]-[INFO] Shutting down ExecutorService 'Nacso-Watch-Task-Scheduler'
2020/09/20 00:03:28 [] [] [SpringContextShutdownHook]  [org.springframework.orm.jpa.LocalContainerEntityManagerFactoryBean]-[INFO] Closing JPA EntityManagerFactory for persistence unit 'default'
2020/09/20 00:03:28 [] [] [SpringContextShutdownHook]  [org.springframework.scheduling.concurrent.ThreadPoolTaskExecutor]-[INFO] Shutting down ExecutorService 'applicationTaskExecutor'
2020/09/20 00:03:28 [] [] [SpringContextShutdownHook]  [com.alibaba.druid.pool.DruidDataSource]-[INFO] {dataSource-1} closing ...
2020/09/20 00:03:28 [] [] [SpringContextShutdownHook]  [com.alibaba.druid.pool.DruidDataSource]-[INFO] {dataSource-1} closed
2020/09/20 00:05:16 [] [] [main]  [org.springframework.boot.test.context.SpringBootTestContextBootstrapper]-[INFO] Neither @ContextConfiguration nor @ContextHierarchy found for test class [com.fank243.cloud.service.user.service.SysUserServiceTest], using SpringBootContextLoader
2020/09/20 00:05:16 [] [] [main]  [org.springframework.test.context.support.AbstractContextLoader]-[INFO] Could not detect default resource locations for test class [com.fank243.cloud.service.user.service.SysUserServiceTest]: no resource found for suffixes {-context.xml, Context.groovy}.
2020/09/20 00:05:17 [] [] [main]  [org.springframework.boot.test.context.SpringBootTestContextBootstrapper]-[INFO] Loaded default TestExecutionListener class names from location [META-INF/spring.factories]: [org.springframework.boot.test.mock.mockito.MockitoTestExecutionListener, org.springframework.boot.test.mock.mockito.ResetMocksTestExecutionListener, org.springframework.boot.test.autoconfigure.restdocs.RestDocsTestExecutionListener, org.springframework.boot.test.autoconfigure.web.client.MockRestServiceServerResetTestExecutionListener, org.springframework.boot.test.autoconfigure.web.servlet.MockMvcPrintOnlyOnFailureTestExecutionListener, org.springframework.boot.test.autoconfigure.web.servlet.WebDriverTestExecutionListener, org.springframework.boot.test.autoconfigure.webservices.client.MockWebServiceServerTestExecutionListener, org.springframework.test.context.web.ServletTestExecutionListener, org.springframework.test.context.support.DirtiesContextBeforeModesTestExecutionListener, org.springframework.test.context.support.DependencyInjectionTestExecutionListener, org.springframework.test.context.support.DirtiesContextTestExecutionListener, org.springframework.test.context.transaction.TransactionalTestExecutionListener, org.springframework.test.context.jdbc.SqlScriptsTestExecutionListener, org.springframework.test.context.event.EventPublishingTestExecutionListener]
2020/09/20 00:05:17 [] [] [main]  [org.springframework.boot.test.context.SpringBootTestContextBootstrapper]-[INFO] Using TestExecutionListeners: [org.springframework.test.context.web.ServletTestExecutionListener@55120f99, org.springframework.test.context.support.DirtiesContextBeforeModesTestExecutionListener@794b435f, org.springframework.boot.test.mock.mockito.MockitoTestExecutionListener@38f2e97e, org.springframework.boot.test.autoconfigure.SpringBootDependencyInjectionTestExecutionListener@779dfe55, org.springframework.test.context.support.DirtiesContextTestExecutionListener@323659f8, org.springframework.test.context.transaction.TransactionalTestExecutionListener@1144a55a, org.springframework.test.context.jdbc.SqlScriptsTestExecutionListener@3e521715, org.springframework.test.context.event.EventPublishingTestExecutionListener@26a529dc, org.springframework.boot.test.mock.mockito.ResetMocksTestExecutionListener@265c5d69, org.springframework.boot.test.autoconfigure.restdocs.RestDocsTestExecutionListener@1286528d, org.springframework.boot.test.autoconfigure.web.client.MockRestServiceServerResetTestExecutionListener@3cc20577, org.springframework.boot.test.autoconfigure.web.servlet.MockMvcPrintOnlyOnFailureTestExecutionListener@33a630fa, org.springframework.boot.test.autoconfigure.web.servlet.WebDriverTestExecutionListener@775594f2, org.springframework.boot.test.autoconfigure.webservices.client.MockWebServiceServerTestExecutionListener@5767b2af]
2020/09/20 00:05:32 [] [] [main]  [org.springframework.boot.test.context.SpringBootTestContextBootstrapper]-[INFO] Neither @ContextConfiguration nor @ContextHierarchy found for test class [com.fank243.cloud.service.user.service.SysUserServiceTest], using SpringBootContextLoader
2020/09/20 00:05:32 [] [] [main]  [org.springframework.test.context.support.AbstractContextLoader]-[INFO] Could not detect default resource locations for test class [com.fank243.cloud.service.user.service.SysUserServiceTest]: no resource found for suffixes {-context.xml, Context.groovy}.
2020/09/20 00:05:32 [] [] [main]  [org.springframework.boot.test.context.SpringBootTestContextBootstrapper]-[INFO] Loaded default TestExecutionListener class names from location [META-INF/spring.factories]: [org.springframework.boot.test.mock.mockito.MockitoTestExecutionListener, org.springframework.boot.test.mock.mockito.ResetMocksTestExecutionListener, org.springframework.boot.test.autoconfigure.restdocs.RestDocsTestExecutionListener, org.springframework.boot.test.autoconfigure.web.client.MockRestServiceServerResetTestExecutionListener, org.springframework.boot.test.autoconfigure.web.servlet.MockMvcPrintOnlyOnFailureTestExecutionListener, org.springframework.boot.test.autoconfigure.web.servlet.WebDriverTestExecutionListener, org.springframework.boot.test.autoconfigure.webservices.client.MockWebServiceServerTestExecutionListener, org.springframework.test.context.web.ServletTestExecutionListener, org.springframework.test.context.support.DirtiesContextBeforeModesTestExecutionListener, org.springframework.test.context.support.DependencyInjectionTestExecutionListener, org.springframework.test.context.support.DirtiesContextTestExecutionListener, org.springframework.test.context.transaction.TransactionalTestExecutionListener, org.springframework.test.context.jdbc.SqlScriptsTestExecutionListener, org.springframework.test.context.event.EventPublishingTestExecutionListener]
2020/09/20 00:05:32 [] [] [main]  [org.springframework.boot.test.context.SpringBootTestContextBootstrapper]-[INFO] Using TestExecutionListeners: [org.springframework.test.context.web.ServletTestExecutionListener@55120f99, org.springframework.test.context.support.DirtiesContextBeforeModesTestExecutionListener@794b435f, org.springframework.boot.test.mock.mockito.MockitoTestExecutionListener@38f2e97e, org.springframework.boot.test.autoconfigure.SpringBootDependencyInjectionTestExecutionListener@779dfe55, org.springframework.test.context.support.DirtiesContextTestExecutionListener@323659f8, org.springframework.test.context.transaction.TransactionalTestExecutionListener@1144a55a, org.springframework.test.context.jdbc.SqlScriptsTestExecutionListener@3e521715, org.springframework.test.context.event.EventPublishingTestExecutionListener@26a529dc, org.springframework.boot.test.mock.mockito.ResetMocksTestExecutionListener@265c5d69, org.springframework.boot.test.autoconfigure.restdocs.RestDocsTestExecutionListener@1286528d, org.springframework.boot.test.autoconfigure.web.client.MockRestServiceServerResetTestExecutionListener@3cc20577, org.springframework.boot.test.autoconfigure.web.servlet.MockMvcPrintOnlyOnFailureTestExecutionListener@33a630fa, org.springframework.boot.test.autoconfigure.web.servlet.WebDriverTestExecutionListener@775594f2, org.springframework.boot.test.autoconfigure.webservices.client.MockWebServiceServerTestExecutionListener@5767b2af]
2020/09/20 00:05:33 [] [] [main]  [org.springframework.context.support.PostProcessorRegistrationDelegate$BeanPostProcessorChecker]-[INFO] Bean 'org.springframework.cloud.autoconfigure.ConfigurationPropertiesRebinderAutoConfiguration' of type [org.springframework.cloud.autoconfigure.ConfigurationPropertiesRebinderAutoConfiguration] is not eligible for getting processed by all BeanPostProcessors (for example: not eligible for auto-proxying)
2020/09/20 00:05:34 [] [] [main]  [com.alibaba.nacos.client.config.impl.LocalConfigInfoProcessor]-[INFO] LOCAL_SNAPSHOT_PATH:/home/jason/nacos/config
2020/09/20 00:05:34 [] [] [main]  [com.alibaba.nacos.client.config.impl.Limiter]-[INFO] limitTime:5.0
2020/09/20 00:05:34 [] [] [main]  [com.alibaba.nacos.client.config.utils.JVMUtil]-[INFO] isMultiInstance:false
2020/09/20 00:05:34 [] [] [main]  [com.alibaba.cloud.nacos.client.NacosPropertySourceBuilder]-[DEBUG] Loading nacos data, dataId: 'cloud-common-nacos-discovery-metadata.yml', group: 'DEFAULT_GROUP', data: spring:
  cloud:
    nacos:
      discovery:
        metadata:
          preserved:
            heart:
              beat:
                timeout: 15
                interval: 20
2020/09/20 00:05:34 [] [] [main]  [com.alibaba.cloud.nacos.client.NacosPropertySourceBuilder]-[DEBUG] Loading nacos data, dataId: 'cloud-common-jpa.yml', group: 'DEFAULT_GROUP', data: spring:
  jpa:
    open-in-view: false
    database: mysql
    show-sql: true  # 控制台打印SQL
    hibernate:
      ddl-auto: update # DDL 策略,根据@Entity新增表或新增表结构
    database-platform: org.hibernate.dialect.MySQL5InnoDBDialect
2020/09/20 00:05:34 [] [] [main]  [com.alibaba.cloud.nacos.client.NacosPropertySourceBuilder]-[WARN] Ignore the empty nacos configuration and get it based on dataId[cloud-common-jetcache.yml] & group[DEFAULT_GROUP]
2020/09/20 00:05:34 [] [] [main]  [com.alibaba.cloud.nacos.client.NacosPropertySourceBuilder]-[WARN] Ignore the empty nacos configuration and get it based on dataId[cloud-service-user] & group[DEFAULT_GROUP]
2020/09/20 00:05:34 [] [] [main]  [com.alibaba.cloud.nacos.client.NacosPropertySourceBuilder]-[DEBUG] Loading nacos data, dataId: 'cloud-service-user.yml', group: 'DEFAULT_GROUP', data: spring:
  redis:
    database: 0
    host: 192.168.31.120
    port: 8379
    password: jboot
    timeout: 6000  # 连接超时时长（毫秒）
  datasource:
    druid:
      driver-class-name: com.mysql.cj.jdbc.Driver
      url: jdbc:mysql://192.168.31.120:3306/cloud-service-user?characterEncoding=utf8&serverTimezone=Hongkong&tinyInt1isBit=false&zeroDateTimeBehavior=convertToNull
      username: root
      password: root
2020/09/20 00:05:34 [] [] [main]  [com.alibaba.cloud.nacos.client.NacosPropertySourceBuilder]-[WARN] Ignore the empty nacos configuration and get it based on dataId[cloud-service-user-home.yml] & group[DEFAULT_GROUP]
2020/09/20 00:05:34 [] [] [main]  [org.springframework.cloud.bootstrap.config.PropertySourceBootstrapConfiguration]-[INFO] Located property source: CompositePropertySource {name='NACOS', propertySources=[NacosPropertySource@984235065 {name='cloud-service-user-home.yml,DEFAULT_GROUP', properties={}}, NacosPropertySource@1705634364 {name='cloud-service-user.yml,DEFAULT_GROUP', properties={spring.redis.database=0, spring.redis.host=192.168.31.120, spring.redis.port=8379, spring.redis.password=jboot, spring.redis.timeout=6000, spring.datasource.druid.driver-class-name=com.mysql.cj.jdbc.Driver, spring.datasource.druid.url=jdbc:mysql://192.168.31.120:3306/cloud-service-user?characterEncoding=utf8&serverTimezone=Hongkong&tinyInt1isBit=false&zeroDateTimeBehavior=convertToNull, spring.datasource.druid.username=root, spring.datasource.druid.password=root}}, NacosPropertySource@1895203464 {name='cloud-service-user,DEFAULT_GROUP', properties={}}, NacosPropertySource@1183912264 {name='cloud-common-jetcache.yml,DEFAULT_GROUP', properties={}}, NacosPropertySource@766621271 {name='cloud-common-jpa.yml,DEFAULT_GROUP', properties={spring.jpa.open-in-view=false, spring.jpa.database=mysql, spring.jpa.show-sql=true, spring.jpa.hibernate.ddl-auto=update, spring.jpa.database-platform=org.hibernate.dialect.MySQL5InnoDBDialect}}, NacosPropertySource@132338135 {name='cloud-common-nacos-discovery-metadata.yml,DEFAULT_GROUP', properties={spring.cloud.nacos.discovery.metadata.preserved.heart.beat.timeout=15, spring.cloud.nacos.discovery.metadata.preserved.heart.beat.interval=20}}]}
2020/09/20 00:05:34 [] [] [main]  [com.fank243.cloud.service.user.service.SysUserServiceTest]-[INFO] The following profiles are active: home
2020/09/20 00:05:36 [] [] [main]  [org.springframework.data.repository.config.RepositoryConfigurationDelegate]-[INFO] Multiple Spring Data modules found, entering strict repository configuration mode!
2020/09/20 00:05:36 [] [] [main]  [org.springframework.data.repository.config.RepositoryConfigurationDelegate]-[INFO] Bootstrapping Spring Data JPA repositories in DEFERRED mode.
2020/09/20 00:05:36 [] [] [main]  [org.springframework.data.repository.config.RepositoryConfigurationDelegate]-[INFO] Finished Spring Data repository scanning in 391ms. Found 1 JPA repository interfaces.
2020/09/20 00:05:36 [] [] [main]  [org.springframework.data.repository.config.RepositoryConfigurationDelegate]-[INFO] Multiple Spring Data modules found, entering strict repository configuration mode!
2020/09/20 00:05:36 [] [] [main]  [org.springframework.data.repository.config.RepositoryConfigurationDelegate]-[INFO] Bootstrapping Spring Data Redis repositories in DEFAULT mode.
2020/09/20 00:05:36 [] [] [main]  [org.springframework.data.repository.config.RepositoryConfigurationExtensionSupport]-[INFO] Spring Data Redis - Could not safely identify store assignment for repository candidate interface com.fank243.cloud.service.user.repository.SysUserRepository. If you want this repository to be a Redis repository, consider annotating your entities with one of these annotations: org.springframework.data.redis.core.RedisHash (preferred), or consider extending one of the following types with your repository: org.springframework.data.keyvalue.repository.KeyValueRepository.
2020/09/20 00:05:36 [] [] [main]  [org.springframework.data.repository.config.RepositoryConfigurationDelegate]-[INFO] Finished Spring Data repository scanning in 17ms. Found 0 Redis repository interfaces.
2020/09/20 00:05:37 [] [] [main]  [org.springframework.cloud.context.scope.GenericScope]-[INFO] BeanFactory id=a336506b-d867-377d-b5f9-da44aeb6d679
2020/09/20 00:05:37 [] [] [main]  [org.springframework.context.support.PostProcessorRegistrationDelegate$BeanPostProcessorChecker]-[INFO] Bean 'com.alicp.jetcache.anno.config.JetCacheProxyConfiguration' of type [com.alicp.jetcache.anno.config.JetCacheProxyConfiguration$$EnhancerBySpringCGLIB$$c0033e2e] is not eligible for getting processed by all BeanPostProcessors (for example: not eligible for auto-proxying)
2020/09/20 00:05:37 [] [] [main]  [org.springframework.context.support.PostProcessorRegistrationDelegate$BeanPostProcessorChecker]-[INFO] Bean 'com.alicp.jetcache.anno.config.CommonConfiguration' of type [com.alicp.jetcache.anno.config.CommonConfiguration$$EnhancerBySpringCGLIB$$3f0983a6] is not eligible for getting processed by all BeanPostProcessors (for example: not eligible for auto-proxying)
2020/09/20 00:05:37 [] [] [main]  [org.springframework.context.support.PostProcessorRegistrationDelegate$BeanPostProcessorChecker]-[INFO] Bean 'redisConfig' of type [com.fank243.cloud.component.common.config.RedisConfig$$EnhancerBySpringCGLIB$$ed64cbe4] is not eligible for getting processed by all BeanPostProcessors (for example: not eligible for auto-proxying)
2020/09/20 00:05:37 [] [] [main]  [org.springframework.context.support.PostProcessorRegistrationDelegate$BeanPostProcessorChecker]-[INFO] Bean 'org.springframework.cloud.autoconfigure.ConfigurationPropertiesRebinderAutoConfiguration' of type [org.springframework.cloud.autoconfigure.ConfigurationPropertiesRebinderAutoConfiguration] is not eligible for getting processed by all BeanPostProcessors (for example: not eligible for auto-proxying)
2020/09/20 00:05:37 [] [] [main]  [com.alibaba.druid.spring.boot.autoconfigure.DruidDataSourceAutoConfigure]-[INFO] Init DruidDataSource
2020/09/20 00:05:38 [] [] [main]  [com.alibaba.druid.pool.DruidDataSource]-[INFO] {dataSource-1} inited
2020/09/20 00:05:38 [] [] [main]  [reactor.util.Loggers$LoggerFactory]-[DEBUG] Using Slf4j logging framework
2020/09/20 00:05:38 [] [] [main]  [org.jboss.logging]-[DEBUG] Logging Provider: org.jboss.logging.Log4j2LoggerProvider
2020/09/20 00:05:38 [] [] [main]  [org.springframework.scheduling.concurrent.ThreadPoolTaskExecutor]-[INFO] Initializing ExecutorService 'applicationTaskExecutor'
2020/09/20 00:05:38 [] [] [task-1]  [org.hibernate.jpa.internal.util.LogHelper]-[INFO] HHH000204: Processing PersistenceUnitInfo [name: default]
2020/09/20 00:05:39 [] [] [task-1]  [org.hibernate.Version]-[INFO] HHH000412: Hibernate ORM core version 5.4.20.Final
2020/09/20 00:05:39 [] [] [task-1]  [org.hibernate.annotations.common.Version]-[INFO] HCANN000001: Hibernate Commons Annotations {5.1.0.Final}
2020/09/20 00:05:40 [] [] [task-1]  [org.hibernate.dialect.Dialect]-[INFO] HHH000400: Using dialect: org.hibernate.dialect.MySQL5InnoDBDialect
2020/09/20 00:05:42 [] [] [task-1]  [org.hibernate.engine.transaction.jta.platform.internal.JtaPlatformInitiator]-[INFO] HHH000490: Using JtaPlatform implementation: [org.hibernate.engine.transaction.jta.platform.internal.NoJtaPlatform]
2020/09/20 00:05:42 [] [] [task-1]  [org.springframework.orm.jpa.LocalContainerEntityManagerFactoryBean]-[INFO] Initialized JPA EntityManagerFactory for persistence unit 'default'
2020/09/20 00:05:42 [] [] [main]  [com.netflix.config.sources.URLConfigurationSource]-[WARN] No URLs will be polled as dynamic configuration sources.
2020/09/20 00:05:42 [] [] [main]  [com.netflix.config.sources.URLConfigurationSource]-[INFO] To enable URLs as dynamic configuration sources, define System property archaius.configurationSource.additionalUrls or make config.properties available on classpath.
2020/09/20 00:05:42 [] [] [main]  [com.netflix.config.sources.URLConfigurationSource]-[WARN] No URLs will be polled as dynamic configuration sources.
2020/09/20 00:05:42 [] [] [main]  [com.netflix.config.sources.URLConfigurationSource]-[INFO] To enable URLs as dynamic configuration sources, define System property archaius.configurationSource.additionalUrls or make config.properties available on classpath.
2020/09/20 00:05:43 [] [] [main]  [org.springframework.scheduling.concurrent.ThreadPoolTaskScheduler]-[INFO] Initializing ExecutorService 'Nacso-Watch-Task-Scheduler'
2020/09/20 00:05:43 [] [] [main]  [com.alibaba.nacos.client.naming]-[INFO] initializer namespace from System Property :null
2020/09/20 00:05:43 [] [] [main]  [com.alibaba.nacos.client.naming]-[INFO] initializer namespace from System Environment :null
2020/09/20 00:05:43 [] [] [main]  [com.alibaba.nacos.client.naming]-[INFO] initializer namespace from System Property :null
2020/09/20 00:05:44 [] [] [main]  [org.springframework.data.repository.config.DeferredRepositoryInitializationListener]-[INFO] Triggering deferred initialization of Spring Data repositories…
2020/09/20 00:05:45 [] [] [main]  [org.springframework.data.repository.config.DeferredRepositoryInitializationListener]-[INFO] Spring Data repositories initialized!
2020/09/20 00:05:45 [] [] [main]  [com.fank243.cloud.service.user.service.SysUserServiceTest]-[INFO] Started SysUserServiceTest in 12.56 seconds (JVM running for 18.138)
2020/09/20 00:05:45 [] [] [main]  [com.alibaba.nacos.client.config.impl.ClientWorker]-[INFO] [fixed-192.168.31.120_8848-59d2b4bc-392a-4f1b-adb0-bbc862cd5eab] [subscribe] cloud-service-user+DEFAULT_GROUP+59d2b4bc-392a-4f1b-adb0-bbc862cd5eab
2020/09/20 00:05:45 [] [] [main]  [com.alibaba.nacos.client.config.impl.CacheData]-[INFO] [fixed-192.168.31.120_8848-59d2b4bc-392a-4f1b-adb0-bbc862cd5eab] [add-listener] ok, tenant=59d2b4bc-392a-4f1b-adb0-bbc862cd5eab, dataId=cloud-service-user, group=DEFAULT_GROUP, cnt=1
2020/09/20 00:05:45 [] [] [main]  [com.alibaba.nacos.client.config.impl.ClientWorker]-[INFO] [fixed-192.168.31.120_8848-59d2b4bc-392a-4f1b-adb0-bbc862cd5eab] [subscribe] cloud-service-user-home.yml+DEFAULT_GROUP+59d2b4bc-392a-4f1b-adb0-bbc862cd5eab
2020/09/20 00:05:45 [] [] [main]  [com.alibaba.nacos.client.config.impl.CacheData]-[INFO] [fixed-192.168.31.120_8848-59d2b4bc-392a-4f1b-adb0-bbc862cd5eab] [add-listener] ok, tenant=59d2b4bc-392a-4f1b-adb0-bbc862cd5eab, dataId=cloud-service-user-home.yml, group=DEFAULT_GROUP, cnt=1
2020/09/20 00:05:45 [] [] [main]  [com.alibaba.nacos.client.config.impl.ClientWorker]-[INFO] [fixed-192.168.31.120_8848-59d2b4bc-392a-4f1b-adb0-bbc862cd5eab] [subscribe] cloud-service-user.yml+DEFAULT_GROUP+59d2b4bc-392a-4f1b-adb0-bbc862cd5eab
2020/09/20 00:05:45 [] [] [main]  [com.alibaba.nacos.client.config.impl.CacheData]-[INFO] [fixed-192.168.31.120_8848-59d2b4bc-392a-4f1b-adb0-bbc862cd5eab] [add-listener] ok, tenant=59d2b4bc-392a-4f1b-adb0-bbc862cd5eab, dataId=cloud-service-user.yml, group=DEFAULT_GROUP, cnt=1
2020/09/20 00:05:45 [] [] [com.alibaba.nacos.client.Worker.longPolling.fixed-192.168.31.120_8848-59d2b4bc-392a-4f1b-adb0-bbc862cd5eab]  [com.alibaba.nacos.client.config.impl.ClientWorker]-[INFO] get changedGroupKeys:[]
2020/09/20 00:05:45 [] [] [com.alibaba.nacos.client.Worker.longPolling.fixed-192.168.31.120_8848-59d2b4bc-392a-4f1b-adb0-bbc862cd5eab]  [com.alibaba.nacos.client.config.impl.ClientWorker]-[INFO] get changedGroupKeys:[]
2020/09/20 00:05:45 [] [] [SpringContextShutdownHook]  [org.springframework.scheduling.concurrent.ThreadPoolTaskScheduler]-[INFO] Shutting down ExecutorService 'Nacso-Watch-Task-Scheduler'
2020/09/20 00:05:45 [] [] [SpringContextShutdownHook]  [org.springframework.orm.jpa.LocalContainerEntityManagerFactoryBean]-[INFO] Closing JPA EntityManagerFactory for persistence unit 'default'
2020/09/20 00:05:45 [] [] [SpringContextShutdownHook]  [org.springframework.scheduling.concurrent.ThreadPoolTaskExecutor]-[INFO] Shutting down ExecutorService 'applicationTaskExecutor'
2020/09/20 00:05:45 [] [] [SpringContextShutdownHook]  [com.alibaba.druid.pool.DruidDataSource]-[INFO] {dataSource-1} closing ...
2020/09/20 00:05:45 [] [] [SpringContextShutdownHook]  [com.alibaba.druid.pool.DruidDataSource]-[INFO] {dataSource-1} closed
2020/09/20 00:07:39 [] [] [main]  [org.springframework.boot.test.context.SpringBootTestContextBootstrapper]-[INFO] Neither @ContextConfiguration nor @ContextHierarchy found for test class [com.fank243.cloud.service.user.service.SysUserServiceTest], using SpringBootContextLoader
2020/09/20 00:07:39 [] [] [main]  [org.springframework.test.context.support.AbstractContextLoader]-[INFO] Could not detect default resource locations for test class [com.fank243.cloud.service.user.service.SysUserServiceTest]: no resource found for suffixes {-context.xml, Context.groovy}.
2020/09/20 00:07:40 [] [] [main]  [org.springframework.boot.test.context.SpringBootTestContextBootstrapper]-[INFO] Loaded default TestExecutionListener class names from location [META-INF/spring.factories]: [org.springframework.boot.test.mock.mockito.MockitoTestExecutionListener, org.springframework.boot.test.mock.mockito.ResetMocksTestExecutionListener, org.springframework.boot.test.autoconfigure.restdocs.RestDocsTestExecutionListener, org.springframework.boot.test.autoconfigure.web.client.MockRestServiceServerResetTestExecutionListener, org.springframework.boot.test.autoconfigure.web.servlet.MockMvcPrintOnlyOnFailureTestExecutionListener, org.springframework.boot.test.autoconfigure.web.servlet.WebDriverTestExecutionListener, org.springframework.boot.test.autoconfigure.webservices.client.MockWebServiceServerTestExecutionListener, org.springframework.test.context.web.ServletTestExecutionListener, org.springframework.test.context.support.DirtiesContextBeforeModesTestExecutionListener, org.springframework.test.context.support.DependencyInjectionTestExecutionListener, org.springframework.test.context.support.DirtiesContextTestExecutionListener, org.springframework.test.context.transaction.TransactionalTestExecutionListener, org.springframework.test.context.jdbc.SqlScriptsTestExecutionListener, org.springframework.test.context.event.EventPublishingTestExecutionListener]
2020/09/20 00:07:40 [] [] [main]  [org.springframework.boot.test.context.SpringBootTestContextBootstrapper]-[INFO] Using TestExecutionListeners: [org.springframework.test.context.web.ServletTestExecutionListener@55120f99, org.springframework.test.context.support.DirtiesContextBeforeModesTestExecutionListener@794b435f, org.springframework.boot.test.mock.mockito.MockitoTestExecutionListener@38f2e97e, org.springframework.boot.test.autoconfigure.SpringBootDependencyInjectionTestExecutionListener@779dfe55, org.springframework.test.context.support.DirtiesContextTestExecutionListener@323659f8, org.springframework.test.context.transaction.TransactionalTestExecutionListener@1144a55a, org.springframework.test.context.jdbc.SqlScriptsTestExecutionListener@3e521715, org.springframework.test.context.event.EventPublishingTestExecutionListener@26a529dc, org.springframework.boot.test.mock.mockito.ResetMocksTestExecutionListener@265c5d69, org.springframework.boot.test.autoconfigure.restdocs.RestDocsTestExecutionListener@1286528d, org.springframework.boot.test.autoconfigure.web.client.MockRestServiceServerResetTestExecutionListener@3cc20577, org.springframework.boot.test.autoconfigure.web.servlet.MockMvcPrintOnlyOnFailureTestExecutionListener@33a630fa, org.springframework.boot.test.autoconfigure.web.servlet.WebDriverTestExecutionListener@775594f2, org.springframework.boot.test.autoconfigure.webservices.client.MockWebServiceServerTestExecutionListener@5767b2af]
2020/09/20 00:07:41 [] [] [main]  [org.springframework.context.support.PostProcessorRegistrationDelegate$BeanPostProcessorChecker]-[INFO] Bean 'org.springframework.cloud.autoconfigure.ConfigurationPropertiesRebinderAutoConfiguration' of type [org.springframework.cloud.autoconfigure.ConfigurationPropertiesRebinderAutoConfiguration] is not eligible for getting processed by all BeanPostProcessors (for example: not eligible for auto-proxying)
2020/09/20 00:07:41 [] [] [main]  [com.alibaba.nacos.client.config.impl.LocalConfigInfoProcessor]-[INFO] LOCAL_SNAPSHOT_PATH:/home/jason/nacos/config
2020/09/20 00:07:42 [] [] [main]  [com.alibaba.nacos.client.config.impl.Limiter]-[INFO] limitTime:5.0
2020/09/20 00:07:42 [] [] [main]  [com.alibaba.nacos.client.config.utils.JVMUtil]-[INFO] isMultiInstance:false
2020/09/20 00:07:42 [] [] [main]  [com.alibaba.cloud.nacos.client.NacosPropertySourceBuilder]-[DEBUG] Loading nacos data, dataId: 'cloud-common-nacos-discovery-metadata.yml', group: 'DEFAULT_GROUP', data: spring:
  cloud:
    nacos:
      discovery:
        metadata:
          preserved:
            heart:
              beat:
                timeout: 15
                interval: 20
2020/09/20 00:07:42 [] [] [main]  [com.alibaba.cloud.nacos.client.NacosPropertySourceBuilder]-[DEBUG] Loading nacos data, dataId: 'cloud-common-jpa.yml', group: 'DEFAULT_GROUP', data: spring:
  jpa:
    open-in-view: false
    database: mysql
    show-sql: true  # 控制台打印SQL
    hibernate:
      ddl-auto: update # DDL 策略,根据@Entity新增表或新增表结构
    database-platform: org.hibernate.dialect.MySQL5InnoDBDialect
2020/09/20 00:07:42 [] [] [main]  [com.alibaba.cloud.nacos.client.NacosPropertySourceBuilder]-[WARN] Ignore the empty nacos configuration and get it based on dataId[cloud-common-jetcache.yml] & group[DEFAULT_GROUP]
2020/09/20 00:07:42 [] [] [main]  [com.alibaba.cloud.nacos.client.NacosPropertySourceBuilder]-[WARN] Ignore the empty nacos configuration and get it based on dataId[cloud-service-user] & group[DEFAULT_GROUP]
2020/09/20 00:07:42 [] [] [main]  [com.alibaba.cloud.nacos.client.NacosPropertySourceBuilder]-[DEBUG] Loading nacos data, dataId: 'cloud-service-user.yml', group: 'DEFAULT_GROUP', data: spring:
  redis:
    database: 0
    host: 192.168.31.120
    port: 8379
    password: jboot
    timeout: 6000  # 连接超时时长（毫秒）
  datasource:
    druid:
      driver-class-name: com.mysql.cj.jdbc.Driver
      url: jdbc:mysql://192.168.31.120:3306/cloud-service-user?characterEncoding=utf8&serverTimezone=Hongkong&tinyInt1isBit=false&zeroDateTimeBehavior=convertToNull
      username: root
      password: root
2020/09/20 00:07:42 [] [] [main]  [com.alibaba.cloud.nacos.client.NacosPropertySourceBuilder]-[WARN] Ignore the empty nacos configuration and get it based on dataId[cloud-service-user-home.yml] & group[DEFAULT_GROUP]
2020/09/20 00:07:42 [] [] [main]  [org.springframework.cloud.bootstrap.config.PropertySourceBootstrapConfiguration]-[INFO] Located property source: CompositePropertySource {name='NACOS', propertySources=[NacosPropertySource@532613259 {name='cloud-service-user-home.yml,DEFAULT_GROUP', properties={}}, NacosPropertySource@423870962 {name='cloud-service-user.yml,DEFAULT_GROUP', properties={spring.redis.database=0, spring.redis.host=192.168.31.120, spring.redis.port=8379, spring.redis.password=jboot, spring.redis.timeout=6000, spring.datasource.druid.driver-class-name=com.mysql.cj.jdbc.Driver, spring.datasource.druid.url=jdbc:mysql://192.168.31.120:3306/cloud-service-user?characterEncoding=utf8&serverTimezone=Hongkong&tinyInt1isBit=false&zeroDateTimeBehavior=convertToNull, spring.datasource.druid.username=root, spring.datasource.druid.password=root}}, NacosPropertySource@225507106 {name='cloud-service-user,DEFAULT_GROUP', properties={}}, NacosPropertySource@505343709 {name='cloud-common-jetcache.yml,DEFAULT_GROUP', properties={}}, NacosPropertySource@2038585029 {name='cloud-common-jpa.yml,DEFAULT_GROUP', properties={spring.jpa.open-in-view=false, spring.jpa.database=mysql, spring.jpa.show-sql=true, spring.jpa.hibernate.ddl-auto=update, spring.jpa.database-platform=org.hibernate.dialect.MySQL5InnoDBDialect}}, NacosPropertySource@2127123542 {name='cloud-common-nacos-discovery-metadata.yml,DEFAULT_GROUP', properties={spring.cloud.nacos.discovery.metadata.preserved.heart.beat.timeout=15, spring.cloud.nacos.discovery.metadata.preserved.heart.beat.interval=20}}]}
2020/09/20 00:07:42 [] [] [main]  [com.fank243.cloud.service.user.service.SysUserServiceTest]-[INFO] The following profiles are active: home
2020/09/20 00:07:44 [] [] [main]  [org.springframework.data.repository.config.RepositoryConfigurationDelegate]-[INFO] Multiple Spring Data modules found, entering strict repository configuration mode!
2020/09/20 00:07:44 [] [] [main]  [org.springframework.data.repository.config.RepositoryConfigurationDelegate]-[INFO] Bootstrapping Spring Data JPA repositories in DEFERRED mode.
2020/09/20 00:07:44 [] [] [main]  [org.springframework.data.repository.config.RepositoryConfigurationDelegate]-[INFO] Finished Spring Data repository scanning in 338ms. Found 1 JPA repository interfaces.
2020/09/20 00:07:44 [] [] [main]  [org.springframework.data.repository.config.RepositoryConfigurationDelegate]-[INFO] Multiple Spring Data modules found, entering strict repository configuration mode!
2020/09/20 00:07:44 [] [] [main]  [org.springframework.data.repository.config.RepositoryConfigurationDelegate]-[INFO] Bootstrapping Spring Data Redis repositories in DEFAULT mode.
2020/09/20 00:07:44 [] [] [main]  [org.springframework.data.repository.config.RepositoryConfigurationExtensionSupport]-[INFO] Spring Data Redis - Could not safely identify store assignment for repository candidate interface com.fank243.cloud.service.user.repository.SysUserRepository. If you want this repository to be a Redis repository, consider annotating your entities with one of these annotations: org.springframework.data.redis.core.RedisHash (preferred), or consider extending one of the following types with your repository: org.springframework.data.keyvalue.repository.KeyValueRepository.
2020/09/20 00:07:44 [] [] [main]  [org.springframework.data.repository.config.RepositoryConfigurationDelegate]-[INFO] Finished Spring Data repository scanning in 19ms. Found 0 Redis repository interfaces.
2020/09/20 00:07:45 [] [] [main]  [org.springframework.cloud.context.scope.GenericScope]-[INFO] BeanFactory id=a336506b-d867-377d-b5f9-da44aeb6d679
2020/09/20 00:07:45 [] [] [main]  [org.springframework.context.support.PostProcessorRegistrationDelegate$BeanPostProcessorChecker]-[INFO] Bean 'com.alicp.jetcache.anno.config.JetCacheProxyConfiguration' of type [com.alicp.jetcache.anno.config.JetCacheProxyConfiguration$$EnhancerBySpringCGLIB$$5da9696] is not eligible for getting processed by all BeanPostProcessors (for example: not eligible for auto-proxying)
2020/09/20 00:07:45 [] [] [main]  [org.springframework.context.support.PostProcessorRegistrationDelegate$BeanPostProcessorChecker]-[INFO] Bean 'com.alicp.jetcache.anno.config.CommonConfiguration' of type [com.alicp.jetcache.anno.config.CommonConfiguration$$EnhancerBySpringCGLIB$$84e0dc0e] is not eligible for getting processed by all BeanPostProcessors (for example: not eligible for auto-proxying)
2020/09/20 00:07:45 [] [] [main]  [org.springframework.context.support.PostProcessorRegistrationDelegate$BeanPostProcessorChecker]-[INFO] Bean 'redisConfig' of type [com.fank243.cloud.component.common.config.RedisConfig$$EnhancerBySpringCGLIB$$333c244c] is not eligible for getting processed by all BeanPostProcessors (for example: not eligible for auto-proxying)
2020/09/20 00:07:46 [] [] [main]  [org.springframework.context.support.PostProcessorRegistrationDelegate$BeanPostProcessorChecker]-[INFO] Bean 'org.springframework.cloud.autoconfigure.ConfigurationPropertiesRebinderAutoConfiguration' of type [org.springframework.cloud.autoconfigure.ConfigurationPropertiesRebinderAutoConfiguration] is not eligible for getting processed by all BeanPostProcessors (for example: not eligible for auto-proxying)
2020/09/20 00:07:46 [] [] [main]  [com.alibaba.druid.spring.boot.autoconfigure.DruidDataSourceAutoConfigure]-[INFO] Init DruidDataSource
2020/09/20 00:07:46 [] [] [main]  [com.alibaba.druid.pool.DruidDataSource]-[INFO] {dataSource-1} inited
2020/09/20 00:07:47 [] [] [main]  [reactor.util.Loggers$LoggerFactory]-[DEBUG] Using Slf4j logging framework
2020/09/20 00:07:47 [] [] [main]  [org.jboss.logging]-[DEBUG] Logging Provider: org.jboss.logging.Log4j2LoggerProvider
2020/09/20 00:07:47 [] [] [main]  [org.springframework.scheduling.concurrent.ThreadPoolTaskExecutor]-[INFO] Initializing ExecutorService 'applicationTaskExecutor'
2020/09/20 00:07:47 [] [] [task-1]  [org.hibernate.jpa.internal.util.LogHelper]-[INFO] HHH000204: Processing PersistenceUnitInfo [name: default]
2020/09/20 00:07:48 [] [] [task-1]  [org.hibernate.Version]-[INFO] HHH000412: Hibernate ORM core version 5.4.20.Final
2020/09/20 00:07:48 [] [] [task-1]  [org.hibernate.annotations.common.Version]-[INFO] HCANN000001: Hibernate Commons Annotations {5.1.0.Final}
2020/09/20 00:07:50 [] [] [task-1]  [org.hibernate.dialect.Dialect]-[INFO] HHH000400: Using dialect: org.hibernate.dialect.MySQL5InnoDBDialect
2020/09/20 00:07:53 [] [] [task-1]  [org.hibernate.engine.transaction.jta.platform.internal.JtaPlatformInitiator]-[INFO] HHH000490: Using JtaPlatform implementation: [org.hibernate.engine.transaction.jta.platform.internal.NoJtaPlatform]
2020/09/20 00:07:53 [] [] [task-1]  [org.springframework.orm.jpa.LocalContainerEntityManagerFactoryBean]-[INFO] Initialized JPA EntityManagerFactory for persistence unit 'default'
2020/09/20 00:07:54 [] [] [main]  [com.netflix.config.sources.URLConfigurationSource]-[WARN] No URLs will be polled as dynamic configuration sources.
2020/09/20 00:07:54 [] [] [main]  [com.netflix.config.sources.URLConfigurationSource]-[INFO] To enable URLs as dynamic configuration sources, define System property archaius.configurationSource.additionalUrls or make config.properties available on classpath.
2020/09/20 00:07:54 [] [] [main]  [com.netflix.config.sources.URLConfigurationSource]-[WARN] No URLs will be polled as dynamic configuration sources.
2020/09/20 00:07:54 [] [] [main]  [com.netflix.config.sources.URLConfigurationSource]-[INFO] To enable URLs as dynamic configuration sources, define System property archaius.configurationSource.additionalUrls or make config.properties available on classpath.
2020/09/20 00:07:55 [] [] [main]  [org.springframework.scheduling.concurrent.ThreadPoolTaskScheduler]-[INFO] Initializing ExecutorService 'Nacso-Watch-Task-Scheduler'
2020/09/20 00:07:55 [] [] [main]  [com.alibaba.nacos.client.naming]-[INFO] initializer namespace from System Property :null
2020/09/20 00:07:55 [] [] [main]  [com.alibaba.nacos.client.naming]-[INFO] initializer namespace from System Environment :null
2020/09/20 00:07:55 [] [] [main]  [com.alibaba.nacos.client.naming]-[INFO] initializer namespace from System Property :null
2020/09/20 00:07:56 [] [] [main]  [org.springframework.data.repository.config.DeferredRepositoryInitializationListener]-[INFO] Triggering deferred initialization of Spring Data repositories…
2020/09/20 00:07:56 [] [] [main]  [org.springframework.data.repository.config.DeferredRepositoryInitializationListener]-[INFO] Spring Data repositories initialized!
2020/09/20 00:07:56 [] [] [main]  [com.fank243.cloud.service.user.service.SysUserServiceTest]-[INFO] Started SysUserServiceTest in 16.36 seconds (JVM running for 20.967)
2020/09/20 00:07:56 [] [] [main]  [com.alibaba.nacos.client.config.impl.ClientWorker]-[INFO] [fixed-192.168.31.120_8848-59d2b4bc-392a-4f1b-adb0-bbc862cd5eab] [subscribe] cloud-service-user+DEFAULT_GROUP+59d2b4bc-392a-4f1b-adb0-bbc862cd5eab
2020/09/20 00:07:56 [] [] [main]  [com.alibaba.nacos.client.config.impl.CacheData]-[INFO] [fixed-192.168.31.120_8848-59d2b4bc-392a-4f1b-adb0-bbc862cd5eab] [add-listener] ok, tenant=59d2b4bc-392a-4f1b-adb0-bbc862cd5eab, dataId=cloud-service-user, group=DEFAULT_GROUP, cnt=1
2020/09/20 00:07:56 [] [] [main]  [com.alibaba.nacos.client.config.impl.ClientWorker]-[INFO] [fixed-192.168.31.120_8848-59d2b4bc-392a-4f1b-adb0-bbc862cd5eab] [subscribe] cloud-service-user-home.yml+DEFAULT_GROUP+59d2b4bc-392a-4f1b-adb0-bbc862cd5eab
2020/09/20 00:07:56 [] [] [main]  [com.alibaba.nacos.client.config.impl.CacheData]-[INFO] [fixed-192.168.31.120_8848-59d2b4bc-392a-4f1b-adb0-bbc862cd5eab] [add-listener] ok, tenant=59d2b4bc-392a-4f1b-adb0-bbc862cd5eab, dataId=cloud-service-user-home.yml, group=DEFAULT_GROUP, cnt=1
2020/09/20 00:07:56 [] [] [main]  [com.alibaba.nacos.client.config.impl.ClientWorker]-[INFO] [fixed-192.168.31.120_8848-59d2b4bc-392a-4f1b-adb0-bbc862cd5eab] [subscribe] cloud-service-user.yml+DEFAULT_GROUP+59d2b4bc-392a-4f1b-adb0-bbc862cd5eab
2020/09/20 00:07:56 [] [] [main]  [com.alibaba.nacos.client.config.impl.CacheData]-[INFO] [fixed-192.168.31.120_8848-59d2b4bc-392a-4f1b-adb0-bbc862cd5eab] [add-listener] ok, tenant=59d2b4bc-392a-4f1b-adb0-bbc862cd5eab, dataId=cloud-service-user.yml, group=DEFAULT_GROUP, cnt=1
2020/09/20 00:07:56 [] [] [com.alibaba.nacos.client.Worker.longPolling.fixed-192.168.31.120_8848-59d2b4bc-392a-4f1b-adb0-bbc862cd5eab]  [com.alibaba.nacos.client.config.impl.ClientWorker]-[INFO] get changedGroupKeys:[]
2020/09/20 00:07:57 [] [] [SpringContextShutdownHook]  [org.springframework.scheduling.concurrent.ThreadPoolTaskScheduler]-[INFO] Shutting down ExecutorService 'Nacso-Watch-Task-Scheduler'
2020/09/20 00:07:57 [] [] [SpringContextShutdownHook]  [org.springframework.orm.jpa.LocalContainerEntityManagerFactoryBean]-[INFO] Closing JPA EntityManagerFactory for persistence unit 'default'
2020/09/20 00:07:57 [] [] [SpringContextShutdownHook]  [org.springframework.scheduling.concurrent.ThreadPoolTaskExecutor]-[INFO] Shutting down ExecutorService 'applicationTaskExecutor'
2020/09/20 00:07:57 [] [] [SpringContextShutdownHook]  [com.alibaba.druid.pool.DruidDataSource]-[INFO] {dataSource-1} closing ...
2020/09/20 00:07:57 [] [] [SpringContextShutdownHook]  [com.alibaba.druid.pool.DruidDataSource]-[INFO] {dataSource-1} closed
2020/09/20 00:09:51 [] [] [main]  [org.springframework.boot.test.context.SpringBootTestContextBootstrapper]-[INFO] Neither @ContextConfiguration nor @ContextHierarchy found for test class [com.fank243.cloud.service.user.service.SysUserServiceTest], using SpringBootContextLoader
2020/09/20 00:09:51 [] [] [main]  [org.springframework.test.context.support.AbstractContextLoader]-[INFO] Could not detect default resource locations for test class [com.fank243.cloud.service.user.service.SysUserServiceTest]: no resource found for suffixes {-context.xml, Context.groovy}.
2020/09/20 00:09:51 [] [] [main]  [org.springframework.boot.test.context.SpringBootTestContextBootstrapper]-[INFO] Loaded default TestExecutionListener class names from location [META-INF/spring.factories]: [org.springframework.boot.test.mock.mockito.MockitoTestExecutionListener, org.springframework.boot.test.mock.mockito.ResetMocksTestExecutionListener, org.springframework.boot.test.autoconfigure.restdocs.RestDocsTestExecutionListener, org.springframework.boot.test.autoconfigure.web.client.MockRestServiceServerResetTestExecutionListener, org.springframework.boot.test.autoconfigure.web.servlet.MockMvcPrintOnlyOnFailureTestExecutionListener, org.springframework.boot.test.autoconfigure.web.servlet.WebDriverTestExecutionListener, org.springframework.boot.test.autoconfigure.webservices.client.MockWebServiceServerTestExecutionListener, org.springframework.test.context.web.ServletTestExecutionListener, org.springframework.test.context.support.DirtiesContextBeforeModesTestExecutionListener, org.springframework.test.context.support.DependencyInjectionTestExecutionListener, org.springframework.test.context.support.DirtiesContextTestExecutionListener, org.springframework.test.context.transaction.TransactionalTestExecutionListener, org.springframework.test.context.jdbc.SqlScriptsTestExecutionListener, org.springframework.test.context.event.EventPublishingTestExecutionListener]
2020/09/20 00:09:51 [] [] [main]  [org.springframework.boot.test.context.SpringBootTestContextBootstrapper]-[INFO] Using TestExecutionListeners: [org.springframework.test.context.web.ServletTestExecutionListener@7882c44a, org.springframework.test.context.support.DirtiesContextBeforeModesTestExecutionListener@32639b12, org.springframework.boot.test.mock.mockito.MockitoTestExecutionListener@20d11153, org.springframework.boot.test.autoconfigure.SpringBootDependencyInjectionTestExecutionListener@3887cf88, org.springframework.test.context.support.DirtiesContextTestExecutionListener@5649ec46, org.springframework.test.context.transaction.TransactionalTestExecutionListener@78dc4696, org.springframework.test.context.jdbc.SqlScriptsTestExecutionListener@502f8b57, org.springframework.test.context.event.EventPublishingTestExecutionListener@5652f555, org.springframework.boot.test.mock.mockito.ResetMocksTestExecutionListener@4fe01805, org.springframework.boot.test.autoconfigure.restdocs.RestDocsTestExecutionListener@55120f99, org.springframework.boot.test.autoconfigure.web.client.MockRestServiceServerResetTestExecutionListener@794b435f, org.springframework.boot.test.autoconfigure.web.servlet.MockMvcPrintOnlyOnFailureTestExecutionListener@38f2e97e, org.springframework.boot.test.autoconfigure.web.servlet.WebDriverTestExecutionListener@779dfe55, org.springframework.boot.test.autoconfigure.webservices.client.MockWebServiceServerTestExecutionListener@323659f8]
2020/09/20 00:09:53 [] [] [main]  [org.springframework.context.support.PostProcessorRegistrationDelegate$BeanPostProcessorChecker]-[INFO] Bean 'org.springframework.cloud.autoconfigure.ConfigurationPropertiesRebinderAutoConfiguration' of type [org.springframework.cloud.autoconfigure.ConfigurationPropertiesRebinderAutoConfiguration] is not eligible for getting processed by all BeanPostProcessors (for example: not eligible for auto-proxying)
2020/09/20 00:09:54 [] [] [main]  [com.alibaba.nacos.client.config.impl.LocalConfigInfoProcessor]-[INFO] LOCAL_SNAPSHOT_PATH:/home/jason/nacos/config
2020/09/20 00:09:55 [] [] [main]  [com.alibaba.nacos.client.config.impl.Limiter]-[INFO] limitTime:5.0
2020/09/20 00:09:55 [] [] [main]  [com.alibaba.nacos.client.config.utils.JVMUtil]-[INFO] isMultiInstance:false
2020/09/20 00:09:55 [] [] [main]  [com.alibaba.cloud.nacos.client.NacosPropertySourceBuilder]-[DEBUG] Loading nacos data, dataId: 'cloud-common-nacos-discovery-metadata.yml', group: 'DEFAULT_GROUP', data: spring:
  cloud:
    nacos:
      discovery:
        metadata:
          preserved:
            heart:
              beat:
                timeout: 15
                interval: 20
2020/09/20 00:09:55 [] [] [main]  [com.alibaba.cloud.nacos.client.NacosPropertySourceBuilder]-[DEBUG] Loading nacos data, dataId: 'cloud-common-jpa.yml', group: 'DEFAULT_GROUP', data: spring:
  jpa:
    open-in-view: false
    database: mysql
    show-sql: true  # 控制台打印SQL
    hibernate:
      ddl-auto: update # DDL 策略,根据@Entity新增表或新增表结构
    database-platform: org.hibernate.dialect.MySQL5InnoDBDialect
2020/09/20 00:09:55 [] [] [main]  [com.alibaba.cloud.nacos.client.NacosPropertySourceBuilder]-[WARN] Ignore the empty nacos configuration and get it based on dataId[cloud-common-jetcache.yml] & group[DEFAULT_GROUP]
2020/09/20 00:09:55 [] [] [main]  [com.alibaba.cloud.nacos.client.NacosPropertySourceBuilder]-[WARN] Ignore the empty nacos configuration and get it based on dataId[cloud-service-user] & group[DEFAULT_GROUP]
2020/09/20 00:09:55 [] [] [main]  [com.alibaba.cloud.nacos.client.NacosPropertySourceBuilder]-[DEBUG] Loading nacos data, dataId: 'cloud-service-user.yml', group: 'DEFAULT_GROUP', data: spring:
  redis:
    database: 0
    host: 192.168.31.120
    port: 8379
    password: jboot
    timeout: 6000  # 连接超时时长（毫秒）
  datasource:
    druid:
      driver-class-name: com.mysql.cj.jdbc.Driver
      url: jdbc:mysql://192.168.31.120:3306/cloud-service-user?characterEncoding=utf8&serverTimezone=Hongkong&tinyInt1isBit=false&zeroDateTimeBehavior=convertToNull
      username: root
      password: root
2020/09/20 00:09:55 [] [] [main]  [com.alibaba.cloud.nacos.client.NacosPropertySourceBuilder]-[WARN] Ignore the empty nacos configuration and get it based on dataId[cloud-service-user-home.yml] & group[DEFAULT_GROUP]
2020/09/20 00:09:55 [] [] [main]  [org.springframework.cloud.bootstrap.config.PropertySourceBootstrapConfiguration]-[INFO] Located property source: CompositePropertySource {name='NACOS', propertySources=[NacosPropertySource@423870962 {name='cloud-service-user-home.yml,DEFAULT_GROUP', properties={}}, NacosPropertySource@225507106 {name='cloud-service-user.yml,DEFAULT_GROUP', properties={spring.redis.database=0, spring.redis.host=192.168.31.120, spring.redis.port=8379, spring.redis.password=jboot, spring.redis.timeout=6000, spring.datasource.druid.driver-class-name=com.mysql.cj.jdbc.Driver, spring.datasource.druid.url=jdbc:mysql://192.168.31.120:3306/cloud-service-user?characterEncoding=utf8&serverTimezone=Hongkong&tinyInt1isBit=false&zeroDateTimeBehavior=convertToNull, spring.datasource.druid.username=root, spring.datasource.druid.password=root}}, NacosPropertySource@505343709 {name='cloud-service-user,DEFAULT_GROUP', properties={}}, NacosPropertySource@2038585029 {name='cloud-common-jetcache.yml,DEFAULT_GROUP', properties={}}, NacosPropertySource@2127123542 {name='cloud-common-jpa.yml,DEFAULT_GROUP', properties={spring.jpa.open-in-view=false, spring.jpa.database=mysql, spring.jpa.show-sql=true, spring.jpa.hibernate.ddl-auto=update, spring.jpa.database-platform=org.hibernate.dialect.MySQL5InnoDBDialect}}, NacosPropertySource@1955226954 {name='cloud-common-nacos-discovery-metadata.yml,DEFAULT_GROUP', properties={spring.cloud.nacos.discovery.metadata.preserved.heart.beat.timeout=15, spring.cloud.nacos.discovery.metadata.preserved.heart.beat.interval=20}}]}
2020/09/20 00:09:55 [] [] [main]  [com.fank243.cloud.service.user.service.SysUserServiceTest]-[INFO] The following profiles are active: home
2020/09/20 00:09:58 [] [] [main]  [org.springframework.data.repository.config.RepositoryConfigurationDelegate]-[INFO] Multiple Spring Data modules found, entering strict repository configuration mode!
2020/09/20 00:09:58 [] [] [main]  [org.springframework.data.repository.config.RepositoryConfigurationDelegate]-[INFO] Bootstrapping Spring Data JPA repositories in DEFERRED mode.
2020/09/20 00:09:59 [] [] [main]  [org.springframework.data.repository.config.RepositoryConfigurationDelegate]-[INFO] Finished Spring Data repository scanning in 452ms. Found 1 JPA repository interfaces.
2020/09/20 00:09:59 [] [] [main]  [org.springframework.data.repository.config.RepositoryConfigurationDelegate]-[INFO] Multiple Spring Data modules found, entering strict repository configuration mode!
2020/09/20 00:09:59 [] [] [main]  [org.springframework.data.repository.config.RepositoryConfigurationDelegate]-[INFO] Bootstrapping Spring Data Redis repositories in DEFAULT mode.
2020/09/20 00:09:59 [] [] [main]  [org.springframework.data.repository.config.RepositoryConfigurationExtensionSupport]-[INFO] Spring Data Redis - Could not safely identify store assignment for repository candidate interface com.fank243.cloud.service.user.repository.SysUserRepository. If you want this repository to be a Redis repository, consider annotating your entities with one of these annotations: org.springframework.data.redis.core.RedisHash (preferred), or consider extending one of the following types with your repository: org.springframework.data.keyvalue.repository.KeyValueRepository.
2020/09/20 00:09:59 [] [] [main]  [org.springframework.data.repository.config.RepositoryConfigurationDelegate]-[INFO] Finished Spring Data repository scanning in 24ms. Found 0 Redis repository interfaces.
2020/09/20 00:09:59 [] [] [main]  [org.springframework.cloud.context.scope.GenericScope]-[INFO] BeanFactory id=a336506b-d867-377d-b5f9-da44aeb6d679
2020/09/20 00:10:00 [] [] [main]  [org.springframework.context.support.PostProcessorRegistrationDelegate$BeanPostProcessorChecker]-[INFO] Bean 'com.alicp.jetcache.anno.config.JetCacheProxyConfiguration' of type [com.alicp.jetcache.anno.config.JetCacheProxyConfiguration$$EnhancerBySpringCGLIB$$f4cc1288] is not eligible for getting processed by all BeanPostProcessors (for example: not eligible for auto-proxying)
2020/09/20 00:10:00 [] [] [main]  [org.springframework.context.support.PostProcessorRegistrationDelegate$BeanPostProcessorChecker]-[INFO] Bean 'com.alicp.jetcache.anno.config.CommonConfiguration' of type [com.alicp.jetcache.anno.config.CommonConfiguration$$EnhancerBySpringCGLIB$$73d25800] is not eligible for getting processed by all BeanPostProcessors (for example: not eligible for auto-proxying)
2020/09/20 00:10:00 [] [] [main]  [org.springframework.context.support.PostProcessorRegistrationDelegate$BeanPostProcessorChecker]-[INFO] Bean 'redisConfig' of type [com.fank243.cloud.component.common.config.RedisConfig$$EnhancerBySpringCGLIB$$222da03e] is not eligible for getting processed by all BeanPostProcessors (for example: not eligible for auto-proxying)
2020/09/20 00:10:00 [] [] [main]  [org.springframework.context.support.PostProcessorRegistrationDelegate$BeanPostProcessorChecker]-[INFO] Bean 'org.springframework.cloud.autoconfigure.ConfigurationPropertiesRebinderAutoConfiguration' of type [org.springframework.cloud.autoconfigure.ConfigurationPropertiesRebinderAutoConfiguration] is not eligible for getting processed by all BeanPostProcessors (for example: not eligible for auto-proxying)
2020/09/20 00:10:00 [] [] [main]  [com.alibaba.druid.spring.boot.autoconfigure.DruidDataSourceAutoConfigure]-[INFO] Init DruidDataSource
2020/09/20 00:10:01 [] [] [main]  [com.alibaba.druid.pool.DruidDataSource]-[INFO] {dataSource-1} inited
2020/09/20 00:10:01 [] [] [main]  [reactor.util.Loggers$LoggerFactory]-[DEBUG] Using Slf4j logging framework
2020/09/20 00:10:01 [] [] [main]  [org.jboss.logging]-[DEBUG] Logging Provider: org.jboss.logging.Log4j2LoggerProvider
2020/09/20 00:10:01 [] [] [main]  [org.springframework.scheduling.concurrent.ThreadPoolTaskExecutor]-[INFO] Initializing ExecutorService 'applicationTaskExecutor'
2020/09/20 00:10:01 [] [] [task-1]  [org.hibernate.jpa.internal.util.LogHelper]-[INFO] HHH000204: Processing PersistenceUnitInfo [name: default]
2020/09/20 00:10:02 [] [] [task-1]  [org.hibernate.Version]-[INFO] HHH000412: Hibernate ORM core version 5.4.20.Final
2020/09/20 00:10:02 [] [] [task-1]  [org.hibernate.annotations.common.Version]-[INFO] HCANN000001: Hibernate Commons Annotations {5.1.0.Final}
2020/09/20 00:10:03 [] [] [task-1]  [org.hibernate.dialect.Dialect]-[INFO] HHH000400: Using dialect: org.hibernate.dialect.MySQL5InnoDBDialect
2020/09/20 00:10:06 [] [] [task-1]  [org.hibernate.engine.transaction.jta.platform.internal.JtaPlatformInitiator]-[INFO] HHH000490: Using JtaPlatform implementation: [org.hibernate.engine.transaction.jta.platform.internal.NoJtaPlatform]
2020/09/20 00:10:06 [] [] [task-1]  [org.springframework.orm.jpa.LocalContainerEntityManagerFactoryBean]-[INFO] Initialized JPA EntityManagerFactory for persistence unit 'default'
2020/09/20 00:10:06 [] [] [main]  [com.netflix.config.sources.URLConfigurationSource]-[WARN] No URLs will be polled as dynamic configuration sources.
2020/09/20 00:10:06 [] [] [main]  [com.netflix.config.sources.URLConfigurationSource]-[INFO] To enable URLs as dynamic configuration sources, define System property archaius.configurationSource.additionalUrls or make config.properties available on classpath.
2020/09/20 00:10:06 [] [] [main]  [com.netflix.config.sources.URLConfigurationSource]-[WARN] No URLs will be polled as dynamic configuration sources.
2020/09/20 00:10:06 [] [] [main]  [com.netflix.config.sources.URLConfigurationSource]-[INFO] To enable URLs as dynamic configuration sources, define System property archaius.configurationSource.additionalUrls or make config.properties available on classpath.
2020/09/20 00:10:08 [] [] [main]  [org.springframework.scheduling.concurrent.ThreadPoolTaskScheduler]-[INFO] Initializing ExecutorService 'Nacso-Watch-Task-Scheduler'
2020/09/20 00:10:08 [] [] [main]  [com.alibaba.nacos.client.naming]-[INFO] initializer namespace from System Property :null
2020/09/20 00:10:08 [] [] [main]  [com.alibaba.nacos.client.naming]-[INFO] initializer namespace from System Environment :null
2020/09/20 00:10:08 [] [] [main]  [com.alibaba.nacos.client.naming]-[INFO] initializer namespace from System Property :null
2020/09/20 00:10:08 [] [] [main]  [org.springframework.data.repository.config.DeferredRepositoryInitializationListener]-[INFO] Triggering deferred initialization of Spring Data repositories…
2020/09/20 00:10:09 [] [] [main]  [org.springframework.data.repository.config.DeferredRepositoryInitializationListener]-[INFO] Spring Data repositories initialized!
2020/09/20 00:10:09 [] [] [main]  [com.fank243.cloud.service.user.service.SysUserServiceTest]-[INFO] Started SysUserServiceTest in 17.895 seconds (JVM running for 25.333)
2020/09/20 00:10:09 [] [] [main]  [com.alibaba.nacos.client.config.impl.ClientWorker]-[INFO] [fixed-192.168.31.120_8848-59d2b4bc-392a-4f1b-adb0-bbc862cd5eab] [subscribe] cloud-service-user+DEFAULT_GROUP+59d2b4bc-392a-4f1b-adb0-bbc862cd5eab
2020/09/20 00:10:09 [] [] [main]  [com.alibaba.nacos.client.config.impl.CacheData]-[INFO] [fixed-192.168.31.120_8848-59d2b4bc-392a-4f1b-adb0-bbc862cd5eab] [add-listener] ok, tenant=59d2b4bc-392a-4f1b-adb0-bbc862cd5eab, dataId=cloud-service-user, group=DEFAULT_GROUP, cnt=1
2020/09/20 00:10:09 [] [] [main]  [com.alibaba.nacos.client.config.impl.ClientWorker]-[INFO] [fixed-192.168.31.120_8848-59d2b4bc-392a-4f1b-adb0-bbc862cd5eab] [subscribe] cloud-service-user-home.yml+DEFAULT_GROUP+59d2b4bc-392a-4f1b-adb0-bbc862cd5eab
2020/09/20 00:10:09 [] [] [main]  [com.alibaba.nacos.client.config.impl.CacheData]-[INFO] [fixed-192.168.31.120_8848-59d2b4bc-392a-4f1b-adb0-bbc862cd5eab] [add-listener] ok, tenant=59d2b4bc-392a-4f1b-adb0-bbc862cd5eab, dataId=cloud-service-user-home.yml, group=DEFAULT_GROUP, cnt=1
2020/09/20 00:10:09 [] [] [main]  [com.alibaba.nacos.client.config.impl.ClientWorker]-[INFO] [fixed-192.168.31.120_8848-59d2b4bc-392a-4f1b-adb0-bbc862cd5eab] [subscribe] cloud-service-user.yml+DEFAULT_GROUP+59d2b4bc-392a-4f1b-adb0-bbc862cd5eab
2020/09/20 00:10:09 [] [] [main]  [com.alibaba.nacos.client.config.impl.CacheData]-[INFO] [fixed-192.168.31.120_8848-59d2b4bc-392a-4f1b-adb0-bbc862cd5eab] [add-listener] ok, tenant=59d2b4bc-392a-4f1b-adb0-bbc862cd5eab, dataId=cloud-service-user.yml, group=DEFAULT_GROUP, cnt=1
2020/09/20 00:10:09 [] [] [com.alibaba.nacos.client.Worker.longPolling.fixed-192.168.31.120_8848-59d2b4bc-392a-4f1b-adb0-bbc862cd5eab]  [com.alibaba.nacos.client.config.impl.ClientWorker]-[INFO] get changedGroupKeys:[]
2020/09/20 00:10:10 [] [] [SpringContextShutdownHook]  [org.springframework.scheduling.concurrent.ThreadPoolTaskScheduler]-[INFO] Shutting down ExecutorService 'Nacso-Watch-Task-Scheduler'
2020/09/20 00:10:10 [] [] [SpringContextShutdownHook]  [org.springframework.orm.jpa.LocalContainerEntityManagerFactoryBean]-[INFO] Closing JPA EntityManagerFactory for persistence unit 'default'
2020/09/20 00:10:10 [] [] [SpringContextShutdownHook]  [org.springframework.scheduling.concurrent.ThreadPoolTaskExecutor]-[INFO] Shutting down ExecutorService 'applicationTaskExecutor'
2020/09/20 00:10:10 [] [] [SpringContextShutdownHook]  [com.alibaba.druid.pool.DruidDataSource]-[INFO] {dataSource-1} closing ...
2020/09/20 00:10:10 [] [] [SpringContextShutdownHook]  [com.alibaba.druid.pool.DruidDataSource]-[INFO] {dataSource-1} closed
